CREATE TABLE sqlite_sequence(name,seq);

INSERT INTO sqlite_sequence(name, seq) VALUES(0, 9);

INSERT INTO sqlite_sequence(name, seq) VALUES(0, 5);

INSERT INTO sqlite_sequence(name, seq) VALUES(0, 20);

INSERT INTO sqlite_sequence(name, seq) VALUES(0, 1);

INSERT INTO sqlite_sequence(name, seq) VALUES(0, 9);

INSERT INTO sqlite_sequence(name, seq) VALUES(0, 7);

INSERT INTO sqlite_sequence(name, seq) VALUES(0, 1);

INSERT INTO sqlite_sequence(name, seq) VALUES(0, 5);

INSERT INTO sqlite_sequence(name, seq) VALUES(0, 0);

CREATE TABLE `TestType` (
	`TypeID`	INTEGER NOT NULL PRIMARY KEY AUTOINCREMENT,
	`TypeName`	TEXT NOT NULL,
	`TypeQuest`	INTEGER
);

CREATE TABLE "Timers" (
	`TimersID`	INTEGER NOT NULL PRIMARY KEY AUTOINCREMENT UNIQUE,
	`UserID`	INTEGER NOT NULL,
	`Count`	INTEGER NOT NULL,
	`Time`	TEXT NOT NULL,
	`Days`	INTEGER NOT NULL,
	FOREIGN KEY(`UserID`) REFERENCES `Users`(`UserID`)
);

INSERT INTO Timers(TimersID, UserID, Count, Time, Days) VALUES(1, 2, 10, 4, 1234567);

INSERT INTO Timers(TimersID, UserID, Count, Time, Days) VALUES(3, 4, 1, 16, 123);

INSERT INTO Timers(TimersID, UserID, Count, Time, Days) VALUES(4, 5, 1, 1620, 123);

INSERT INTO Timers(TimersID, UserID, Count, Time, Days) VALUES(5, 5, 2, 120, 123);

INSERT INTO Timers(TimersID, UserID, Count, Time, Days) VALUES(6, 5, 3, 120, 123);

INSERT INTO Timers(TimersID, UserID, Count, Time, Days) VALUES(7, 5, 3, 120, 123);

INSERT INTO Timers(TimersID, UserID, Count, Time, Days) VALUES(8, 5, 5, 120, 123);

INSERT INTO Timers(TimersID, UserID, Count, Time, Days) VALUES(9, 5, 4, 120, 123);

CREATE TABLE "UserLevel" (
	`UserID`	INTEGER NOT NULL PRIMARY KEY AUTOINCREMENT,
	`LangID`	INTEGER,
	`LevelID`	INTEGER,
	FOREIGN KEY(`LevelID`) REFERENCES `Level`(`LevelID`),
	FOREIGN KEY(`UserID`) REFERENCES `Users`(`UserID`),
	FOREIGN KEY(`LangID`) REFERENCES `Languages`(`LangID`)
);

INSERT INTO UserLevel(UserID, LangID, LevelID) VALUES(4, 3, 3);

INSERT INTO UserLevel(UserID, LangID, LevelID) VALUES(5, 3, 2);

CREATE TABLE "Words" (
	`WordID`	INTEGER NOT NULL PRIMARY KEY AUTOINCREMENT,
	`LangID`	INTEGER NOT NULL,
	`Spell`	TEXT NOT NULL,
	`Phonetic`	TEXT,
	FOREIGN KEY(`LangID`) REFERENCES `Languages`(`LangID`)
);

INSERT INTO Words(WordID, LangID, Spell, Phonetic) VALUES(1, 3, 0, 0);

INSERT INTO Words(WordID, LangID, Spell, Phonetic) VALUES(2, 3, 0, 0);

INSERT INTO Words(WordID, LangID, Spell, Phonetic) VALUES(3, 3, 0, 0);

INSERT INTO Words(WordID, LangID, Spell, Phonetic) VALUES(4, 3, 0, 0);

INSERT INTO Words(WordID, LangID, Spell, Phonetic) VALUES(5, 3, 0, 0);

INSERT INTO Words(WordID, LangID, Spell, Phonetic) VALUES(6, 3, 0, 0);

INSERT INTO Words(WordID, LangID, Spell, Phonetic) VALUES(7, 3, 0, 0);

INSERT INTO Words(WordID, LangID, Spell, Phonetic) VALUES(8, 3, 0, 0);

INSERT INTO Words(WordID, LangID, Spell, Phonetic) VALUES(9, 3, 0, 0);

INSERT INTO Words(WordID, LangID, Spell, Phonetic) VALUES(10, 3, 0, 0);

INSERT INTO Words(WordID, LangID, Spell, Phonetic) VALUES(11, 4, 0, 0);

INSERT INTO Words(WordID, LangID, Spell, Phonetic) VALUES(12, 4, 0, 0);

INSERT INTO Words(WordID, LangID, Spell, Phonetic) VALUES(13, 4, 0, 0);

INSERT INTO Words(WordID, LangID, Spell, Phonetic) VALUES(14, 4, 0, 0);

INSERT INTO Words(WordID, LangID, Spell, Phonetic) VALUES(15, 4, 0, 0);

INSERT INTO Words(WordID, LangID, Spell, Phonetic) VALUES(16, 4, 0, 0);

INSERT INTO Words(WordID, LangID, Spell, Phonetic) VALUES(17, 4, 0, 0);

INSERT INTO Words(WordID, LangID, Spell, Phonetic) VALUES(18, 4, 0, 0);

INSERT INTO Words(WordID, LangID, Spell, Phonetic) VALUES(19, 4, 0, 0);

INSERT INTO Words(WordID, LangID, Spell, Phonetic) VALUES(20, 4, 0, 0);

CREATE TABLE "Dictionary" (
	`DictionaryID`	INTEGER NOT NULL PRIMARY KEY AUTOINCREMENT,
	`LevelID`	INTEGER,
	`Theme`	TEXT,
	FOREIGN KEY(`LevelID`) REFERENCES `Level`(`LevelID`)
);

INSERT INTO Dictionary(DictionaryID, LevelID, Theme) VALUES(1, 1, 0);

CREATE TABLE "Progress" (
	`UserID`	INTEGER,
	`PairID`	INTEGER,
	`FLang`	INTEGER,
	FOREIGN KEY(`UserID`) REFERENCES `Users`(`UserID`),
	FOREIGN KEY(`PairID`) REFERENCES `Pair`(`ID`),
	FOREIGN KEY(`FLang`) REFERENCES `Languages`(`LangID`),
	PRIMARY KEY(`UserID`,`PairID`,`FLang`)
);

INSERT INTO Progress(UserID, PairID, FLang) VALUES(4, 6, 3);

CREATE TABLE "WordsToLearn" (
	`ID`	INTEGER,
	`UserID`	INTEGER,
	`PairID`	INTEGER,
	`LangID`	INTEGER,
	FOREIGN KEY(`PairID`) REFERENCES `Pair`(`ID`),
	FOREIGN KEY(`UserID`) REFERENCES `Users`(`UserID`),
	FOREIGN KEY(`LangID`) REFERENCES `Languages`(`LangID`),
	PRIMARY KEY(`ID`)
);

INSERT INTO WordsToLearn(ID, UserID, PairID, LangID) VALUES(1, 4, 6, 3);

CREATE TABLE "Pair" (
	`ID`	INTEGER,
	`DicID`	INTEGER,
	`Word1ID`	INTEGER NOT NULL,
	`Word2ID`	INTEGER NOT NULL,
	FOREIGN KEY(`DicID`) REFERENCES `Dictionary`(`DictionaryID`),
	FOREIGN KEY(`Word2ID`) REFERENCES `Words`(`WordID`),
	FOREIGN KEY(`Word1ID`) REFERENCES `Words`(`WordID`),
	PRIMARY KEY(`ID`)
);

INSERT INTO Pair(ID, DicID, Word1ID, Word2ID) VALUES(1, 1, 1, 11);

INSERT INTO Pair(ID, DicID, Word1ID, Word2ID) VALUES(2, 1, 2, 12);

INSERT INTO Pair(ID, DicID, Word1ID, Word2ID) VALUES(3, 1, 3, 13);

INSERT INTO Pair(ID, DicID, Word1ID, Word2ID) VALUES(4, 1, 4, 14);

INSERT INTO Pair(ID, DicID, Word1ID, Word2ID) VALUES(5, 1, 5, 15);

INSERT INTO Pair(ID, DicID, Word1ID, Word2ID) VALUES(6, 1, 6, 16);

INSERT INTO Pair(ID, DicID, Word1ID, Word2ID) VALUES(7, 1, 7, 17);

INSERT INTO Pair(ID, DicID, Word1ID, Word2ID) VALUES(8, 1, 8, 18);

INSERT INTO Pair(ID, DicID, Word1ID, Word2ID) VALUES(9, 1, 9, 19);

INSERT INTO Pair(ID, DicID, Word1ID, Word2ID) VALUES(10, 1, 10, 20);

CREATE TABLE "Languages" (
	`LangID`	INTEGER PRIMARY KEY AUTOINCREMENT,
	`LangName`	TEXT NOT NULL
);

INSERT INTO Languages(LangID, LangName) VALUES(3, 0);

INSERT INTO Languages(LangID, LangName) VALUES(4, 0);

INSERT INTO Languages(LangID, LangName) VALUES(5, 0);

INSERT INTO Languages(LangID, LangName) VALUES(6, 0);

INSERT INTO Languages(LangID, LangName) VALUES(7, 0);

INSERT INTO Languages(LangID, LangName) VALUES(9, 65);

CREATE TABLE "Level" (
	`LevelID`	INTEGER PRIMARY KEY AUTOINCREMENT,
	`LevelName`	TEXT NOT NULL,
	`NeededWords`	INTEGER
);

INSERT INTO Level(LevelID, LevelName, NeededWords) VALUES(1, 0, 0);

INSERT INTO Level(LevelID, LevelName, NeededWords) VALUES(2, 0, 50);

INSERT INTO Level(LevelID, LevelName, NeededWords) VALUES(3, 0, 150);

INSERT INTO Level(LevelID, LevelName, NeededWords) VALUES(4, 0, 350);

INSERT INTO Level(LevelID, LevelName, NeededWords) VALUES(5, 0, 700);

INSERT INTO Level(LevelID, LevelName, NeededWords) VALUES(6, 0, 1100);

INSERT INTO Level(LevelID, LevelName, NeededWords) VALUES(7, 0, 2000);

CREATE TABLE "Sessions" (
	`SessionID`	TEXT NOT NULL UNIQUE,
	`UserID`	INTEGER NOT NULL,
	`Started`	TEXT,
	`Expires`	TEXT,
	FOREIGN KEY(`UserID`) REFERENCES `Users`(`UserID`),
	PRIMARY KEY(`SessionID`)
);

INSERT INTO Sessions(SessionID, UserID, Started, Expires) VALUES(938833, 2, 2018, 1);

INSERT INTO Sessions(SessionID, UserID, Started, Expires) VALUES(0, 2, 2018, 10000);

INSERT INTO Sessions(SessionID, UserID, Started, Expires) VALUES(8, 2, 2018, 10000);

INSERT INTO Sessions(SessionID, UserID, Started, Expires) VALUES(2, 2, 2018, 10000);

INSERT INTO Sessions(SessionID, UserID, Started, Expires) VALUES(1, 2, 2018, 10000);

INSERT INTO Sessions(SessionID, UserID, Started, Expires) VALUES(0, 2, 2018, 10000);

INSERT INTO Sessions(SessionID, UserID, Started, Expires) VALUES(0, 2, 2018, 1);

INSERT INTO Sessions(SessionID, UserID, Started, Expires) VALUES(95400, 2, 2018, 1);

INSERT INTO Sessions(SessionID, UserID, Started, Expires) VALUES(0, 2, 2018, 1);

INSERT INTO Sessions(SessionID, UserID, Started, Expires) VALUES(7, 2, 2018, 1);

INSERT INTO Sessions(SessionID, UserID, Started, Expires) VALUES(35763, 3, 2018, 1);

INSERT INTO Sessions(SessionID, UserID, Started, Expires) VALUES(4844, 3, 2018, 1);

INSERT INTO Sessions(SessionID, UserID, Started, Expires) VALUES(8355, 4, 2018, 1);

CREATE TABLE "TimeRepeat" (
	`TimeRepeatID`	INTEGER NOT NULL PRIMARY KEY AUTOINCREMENT,
	`Time`	TEXT,
	`Number`	INTEGER
);

INSERT INTO TimeRepeat(TimeRepeatID, Time, Number) VALUES(1, 20, 1);

CREATE TABLE "WordToRepeat" (
	`ID`	INTEGER,
	`UserID`	INTEGER,
	`PairID`	INTEGER,
	`TimeToRepeat`	TEXT,
	`NumRep`	INTEGER,
	`LangID`	INTEGER,
	FOREIGN KEY(`TimeToRepeat`) REFERENCES `TimeRepeat`(`TimeRepeatID`),
	PRIMARY KEY(`ID`),
	FOREIGN KEY(`UserID`) REFERENCES `Users`(`UserID`),
	FOREIGN KEY(`PairID`) REFERENCES `Pair`(`ID`),
	FOREIGN KEY(`LangID`) REFERENCES `Languages`(`LangID`)
);

CREATE TABLE "Users" (
	`UserID`	INTEGER NOT NULL PRIMARY KEY AUTOINCREMENT UNIQUE,
	`UserName`	TEXT NOT NULL UNIQUE,
	`UserPassword`	TEXT NOT NULL,
	`Email`	TEXT NOT NULL,
	`NLang`	INTEGER,
	`FLang`	INTEGER,
	`XP`	INTEGER,
	FOREIGN KEY(`NLang`) REFERENCES `Languages`(`LangID`),
	FOREIGN KEY(`FLang`) REFERENCES `Languages`(`LangID`)
);

INSERT INTO Users(UserID, UserName, UserPassword, Email, NLang, FLang, XP) VALUES(2, 0, 0, 0, 5, 6, 3000);

INSERT INTO Users(UserID, UserName, UserPassword, Email, NLang, FLang, XP) VALUES(3, 0, 0, 0, 4, 3, 20);

INSERT INTO Users(UserID, UserName, UserPassword, Email, NLang, FLang, XP) VALUES(4, 0, 12, 1, 3, 4, 0);

INSERT INTO Users(UserID, UserName, UserPassword, Email, NLang, FLang, XP) VALUES(5, 0, 123456789, 0, 4, 3, 90);

CREATE TABLE "Test" (
	`TestID`	INTEGER NOT NULL PRIMARY KEY AUTOINCREMENT,
	`TypeID`	INTEGER NOT NULL,
	`PairID`	INTEGER NOT NULL,
	FOREIGN KEY(`PairID`) REFERENCES `Pair`(`ID`),
	FOREIGN KEY(`TypeID`) REFERENCES `TestType`(`TypeID`)
);

